<?xml version="1.0" encoding="UTF-8"?>
<testng-results ignored="0" total="1" passed="1" failed="0" skipped="0">
  <reporter-output>
  </reporter-output>
  <suite started-at="2024-11-01T02:17:28 WAT" name="Default suite" finished-at="2024-11-01T02:17:41 WAT" duration-ms="12433">
    <groups>
    </groups>
    <test started-at="2024-11-01T02:17:28 WAT" name="Default test" finished-at="2024-11-01T02:17:41 WAT" duration-ms="12433">
      <class name="demo.LoginPage">
        <test-method signature="logindetil()[pri:0, instance:demo.LoginPage@4135c3b]" started-at="2024-11-01T02:17:28 WAT" name="logindetil" finished-at="2024-11-01T02:17:40 WAT" duration-ms="11862" status="PASS">
          <reporter-output>
          </reporter-output>
        </test-method> <!-- logindetil -->
        <test-method is-config="true" signature="teardown()[pri:0, instance:demo.LoginPage@4135c3b]" started-at="2024-11-01T02:17:40 WAT" name="teardown" finished-at="2024-11-01T02:17:41 WAT" duration-ms="491" status="PASS">
          <reporter-output>
          </reporter-output>
        </test-method> <!-- teardown -->
      </class> <!-- demo.LoginPage -->
    </test> <!-- Default test -->
  </suite> <!-- Default suite -->
</testng-results>
